<?xml version="1.0" encoding="UTF-8"?>
<!-- Generated by org.testng.reporters.JUnitReportReporter -->
<testsuite skipped="0" hostname="DESKTOP-QDKHUFG" name="testcases.LogOutTestCase" tests="1" failures="0" timestamp="2023-04-04T19:55:34 IST" time="13.805" errors="0">
  <testcase name="addMultiProdToCartShoppAndLogOut" time="13.805" classname="testcases.LogOutTestCase"/>
  <system-out/>
</testsuite> <!-- testcases.LogOutTestCase -->
