<?xml version="1.0" encoding="UTF-8"?>
<!-- Generated by org.testng.reporters.JUnitReportReporter -->
<testsuite skipped="0" hostname="DESKTOP-QDKHUFG" name="testcases.LogOutTestCase" tests="1" failures="0" timestamp="2023-03-30T21:06:18 IST" time="10.305" errors="0">
  <testcase name="addMultiProdToCartShoppAndLogOut" time="10.305" classname="testcases.LogOutTestCase"/>
  <system-out/>
</testsuite> <!-- testcases.LogOutTestCase -->
