<?xml version="1.0" encoding="UTF-8"?>
<!-- Generated by org.testng.reporters.JUnitReportReporter -->
<testsuite skipped="1" hostname="DESKTOP-QDKHUFG" name="testcases.SearchTestCase" tests="3" failures="0" timestamp="2023-03-17T14:11:46 IST" time="0.014" errors="0">
  <testcase name="searchByImage" time="0.012" classname="testcases.SearchTestCase"/>
  <system-out/>
  <testcase name="searchByName" time="0.002" classname="testcases.SearchTestCase"/>
  <system-out/>
  <testcase name="searchById" classname="testcases.SearchTestCase">
    <skipped/>
  </testcase> <!-- searchById -->
  <system-out/>
</testsuite> <!-- testcases.SearchTestCase -->
