<?xml version="1.0" encoding="UTF-8"?>
<!-- Generated by org.testng.reporters.JUnitReportReporter -->
<testsuite skipped="0" hostname="DESKTOP-QDKHUFG" name="testcases.ProductPageTestCase" tests="1" failures="0" timestamp="2023-03-30T21:13:20 IST" time="14.523" errors="0">
  <testcase name="verifyEmptyCart" time="14.523" classname="testcases.ProductPageTestCase"/>
  <system-out/>
</testsuite> <!-- testcases.ProductPageTestCase -->
