<?xml version="1.0" encoding="UTF-8"?>
<!-- Generated by org.testng.reporters.JUnitReportReporter -->
<testsuite skipped="0" hostname="DESKTOP-QDKHUFG" name="testcases.LoginTestCase" tests="4" failures="0" timestamp="2023-04-04T19:46:01 IST" time="7.614" errors="0">
  <testcase name="verifyUser" time="0.769" classname="testcases.LoginTestCase"/>
  <system-out/>
  <testcase name="verifyUser" time="0.704" classname="testcases.LoginTestCase"/>
  <system-out/>
  <testcase name="verifyUser" time="5.330" classname="testcases.LoginTestCase"/>
  <system-out/>
  <testcase name="verifyUser" time="0.811" classname="testcases.LoginTestCase"/>
  <system-out/>
</testsuite> <!-- testcases.LoginTestCase -->
