<?xml version="1.0" encoding="UTF-8"?>
<!-- Generated by org.testng.reporters.JUnitReportReporter -->
<testsuite skipped="0" hostname="DESKTOP-QDKHUFG" name="testcases.AddMultipleProducTestCase" tests="1" failures="0" timestamp="2023-04-04T19:51:58 IST" time="10.116" errors="0">
  <testcase name="addMultiProdToCart" time="10.116" classname="testcases.AddMultipleProducTestCase"/>
  <system-out/>
</testsuite> <!-- testcases.AddMultipleProducTestCase -->
