<?xml version="1.0" encoding="UTF-8"?>
<!-- Generated by org.testng.reporters.JUnitReportReporter -->
<testsuite skipped="0" hostname="DESKTOP-QDKHUFG" name="testcases.CheckoutPageTestCase" tests="2" failures="0" timestamp="2023-03-30T23:22:44 IST" time="20.956" errors="0">
  <testcase name="verifyEmptyCart" time="11.165" classname="testcases.CheckoutPageTestCase"/>
  <system-out/>
  <testcase name="verifyFilledCart" time="9.791" classname="testcases.CheckoutPageTestCase"/>
  <system-out/>
</testsuite> <!-- testcases.CheckoutPageTestCase -->
