<?xml version="1.0" encoding="UTF-8"?>
<!-- Generated by org.testng.reporters.JUnitReportReporter -->
<testsuite skipped="0" hostname="DESKTOP-QDKHUFG" name="testcases.LoginTestCase" tests="4" failures="0" timestamp="2023-03-30T17:51:55 IST" time="16.010" errors="0">
  <testcase name="verifyUser" time="0.643" classname="testcases.LoginTestCase"/>
  <system-out/>
  <testcase name="verifyUser" time="1.799" classname="testcases.LoginTestCase"/>
  <system-out/>
  <testcase name="verifyUser" time="0.639" classname="testcases.LoginTestCase"/>
  <system-out/>
  <testcase name="verifyUser" time="12.929" classname="testcases.LoginTestCase"/>
  <system-out/>
</testsuite> <!-- testcases.LoginTestCase -->
